NPC 1
Appearance: Corpulent
Clothing: Patched
Mannerism: Laconic
Method: Favors
Personality: Honor-bound
Physical Detail: One-eyed
Secret: High born

NPC 2
Appearance: Grizzled
Clothing: Practical
Mannerism: Rambles
Method: Piety
Personality: Irascible
Physical Detail: Missing ear
Secret: Mind-controlled

NPC 3
Appearance: Aquiline
Clothing: Haute couture
Mannerism: Robotic
Method: Eloquence
Personality: Savage
Physical Detail: One-eyed
Secret: Cultist

NPC 4
Appearance: Coltish
Clothing: Patched
Mannerism: Melodious
Method: Misdirection
Personality: Menacing
Physical Detail: Long hair
Secret: Huge fortune

NPC 5
Appearance: Aquiline
Clothing: Frumpy
Mannerism: Quaint sayings
Method: Manipulation
Personality: Gregarious
Physical Detail: Exotic accent
Secret: Artificial

NPC 6
Appearance: Slender
Clothing: Patched
Mannerism: Rambles
Method: Alchemy
Personality: Rude
Physical Detail: Braided hair
Secret: Artificial

NPC 7
Appearance: Bullnecked
Clothing: Frayed
Mannerism: Robotic
Method: Bribery
Personality: Bitter
Physical Detail: Missing ear
Secret: Huge fortune

NPC 8
Appearance: Athletic
Clothing: Patterned
Mannerism: Narrates
Method: Piety
Personality: Inquisitive
Physical Detail: Gold tooth
Secret: Insurrectionist

NPC 9
Appearance: Bullnecked
Clothing: Grimy
Mannerism: Narrates
Method: Commerce
Personality: Chipper
Physical Detail: Birthmark
Secret: Cultist

NPC 10
Appearance: Brawny
Clothing: Food-stained
Mannerism: Enunciates
Method: Piety
Personality: Irascible
Physical Detail: Braided hair
Secret: High born

