NPC 1
Appearance: Coltish
Clothing: Eccentric
Mannerism: Overly casual
Personality: Chipper
Physical Detail: Matted hair

NPC 2
Appearance: Grizzled
Clothing: Formal
Mannerism: Robotic
Personality: Inquisitive
Physical Detail: Battle scars

NPC 3
Appearance: Chiseled
Clothing: Frumpy
Mannerism: Mumbles
Personality: Loyal
Physical Detail: One-eyed

NPC 4
Appearance: Sinewy
Clothing: Exotic
Mannerism: Laughs
Personality: Irascible
Physical Detail: Missing ear

NPC 5
Appearance: Coltish
Clothing: Haute couture
Mannerism: Clipped
Personality: Nervous
Physical Detail: Freckles

NPC 6
Appearance: Athletic
Clothing: Livery
Mannerism: Anecdotes
Personality: Sarcastic
Physical Detail: Freckles

NPC 7
Appearance: Square-jawed
Clothing: Oversized
Mannerism: Laughs
Personality: Inquisitive
Physical Detail: Oiled hair

NPC 8
Appearance: Square-jawed
Clothing: Perfumed
Mannerism: Slow speech
Personality: Hotheaded
Physical Detail: Long hair

NPC 9
Appearance: Grizzled
Clothing: Haute couture
Mannerism: Flowery speech
Personality: Inquisitive
Physical Detail: One-eyed

NPC 10
Appearance: Hideous
Clothing: Antique
Mannerism: Overly casual
Personality: Inquisitive
Physical Detail: Pale skinned

